[12.12.2025 23:11:18,91] === НАЧАЛО УСТАНОВКИ === 
[12.12.2025 23:11:18,92] Checking installing Docker 
[12.12.2025 23:11:19,00] Docker установлен. Переходим к следующему шагу. 
[12.12.2025 23:11:19,00] Развертывание в Kubernetes test-dbo-system. 
[12.12.2025 23:11:19,01] create namespace test-dbo-system 
[12.12.2025 23:11:19,60] Payment 
[12.12.2025 23:11:19,92] Balance 
[12.12.2025 23:11:20,31] Notification 
[12.12.2025 23:11:20,71] Zookeeper 
[12.12.2025 23:11:50,40] Prometheus 
[12.12.2025 23:11:51,44] Grafana 
[12.12.2025 23:11:51,88] Redis 
[12.12.2025 23:11:52,35] Kafka 
[12.12.2025 23:12:30,01] Payment 
[12.12.2025 23:12:30,31] Balance 
[12.12.2025 23:12:30,73] Notification 
[12.12.2025 23:32:27,90] === НАЧАЛО УСТАНОВКИ === 
[12.12.2025 23:32:27,91] Checking installing Docker 
[12.12.2025 23:32:27,96] Docker установлен. Переходим к следующему шагу. 
[12.12.2025 23:32:27,96] Развертывание в Kubernetes test-dbo-system. 
[12.12.2025 23:32:27,98] create namespace test-dbo-system 
[12.12.2025 23:32:28,42] Payment 
[12.12.2025 23:32:28,70] Balance 
[12.12.2025 23:32:29,05] Notification 
[12.12.2025 23:32:29,55] Zookeeper 
[12.12.2025 23:32:38,64] Prometheus 
[12.12.2025 23:32:39,43] Grafana 
[12.12.2025 23:32:39,84] Redis 
[12.12.2025 23:32:40,31] Kafka 
[12.12.2025 23:33:26,84] Payment 
[12.12.2025 23:33:27,05] Balance 
[12.12.2025 23:33:27,30] Notification 
[12.12.2025 23:55:14,44] === НАЧАЛО УСТАНОВКИ === 
[12.12.2025 23:55:14,45] Checking installing Docker 
[12.12.2025 23:55:14,50] Docker установлен. Переходим к следующему шагу. 
[12.12.2025 23:55:14,50] Развертывание в Kubernetes test-dbo-system. 
[12.12.2025 23:55:14,52] create namespace test-dbo-system 
[12.12.2025 23:55:14,97] Payment 
[12.12.2025 23:55:15,27] Balance 
[12.12.2025 23:55:15,71] Notification 
[12.12.2025 23:55:16,09] Zookeeper 
[12.12.2025 23:55:29,53] Prometheus 
[12.12.2025 23:55:30,29] Grafana 
[12.12.2025 23:55:30,83] Redis 
[12.12.2025 23:55:31,29] Kafka 
[12.12.2025 23:56:17,90] Payment 
[12.12.2025 23:56:18,40] Balance 
[12.12.2025 23:56:18,84] Notification 
[13.12.2025  0:15:45,66] === НАЧАЛО УСТАНОВКИ === 
[13.12.2025  0:15:45,67] Checking installing Docker 
[13.12.2025  0:15:45,77] Docker установлен. Переходим к следующему шагу. 
[13.12.2025  0:15:45,78] Развертывание в Kubernetes test-dbo-system. 
[13.12.2025  0:15:45,79] create namespace test-dbo-system 
[13.12.2025  0:15:46,22] Payment 
[13.12.2025  0:15:46,54] Balance 
[13.12.2025  0:15:46,85] Notification 
[13.12.2025  0:15:47,10] Zookeeper 
[13.12.2025  0:15:58,08] Prometheus 
[13.12.2025  0:15:58,77] Grafana 
[13.12.2025  0:15:59,23] Redis 
[13.12.2025  0:15:59,67] Kafka 
[13.12.2025  0:16:53,60] Payment 
[13.12.2025  0:16:53,90] Balance 
[13.12.2025  0:16:54,25] Notification 
[13.12.2025  0:28:44,79] === НАЧАЛО УСТАНОВКИ === 
[13.12.2025  0:28:44,81] Checking installing Docker 
[13.12.2025  0:28:44,90] Docker установлен. Переходим к следующему шагу. 
[13.12.2025  0:28:44,91] Развертывание в Kubernetes test-dbo-system. 
[13.12.2025  0:28:44,92] create namespace test-dbo-system 
[13.12.2025  0:28:45,35] Payment 
[13.12.2025  0:28:45,62] Balance 
[13.12.2025  0:28:46,08] Notification 
[13.12.2025  0:28:46,53] Zookeeper 
[13.12.2025  0:28:57,12] Prometheus 
[13.12.2025  0:28:57,84] Grafana 
[13.12.2025  0:28:58,23] Redis 
[13.12.2025  0:28:58,63] Kafka 
[13.12.2025  0:29:43,14] Payment 
[13.12.2025  0:29:43,45] Balance 
[13.12.2025  0:29:43,75] Notification 
[13.12.2025  1:55:04,49] === НАЧАЛО УСТАНОВКИ === 
[13.12.2025  1:55:04,49] Checking installing Docker 
[13.12.2025  1:55:04,57] Docker установлен. Переходим к следующему шагу. 
[13.12.2025  1:55:04,59] Развертывание в Kubernetes test-dbo-system. 
[13.12.2025  1:55:04,59] create namespace test-dbo-system 
[13.12.2025  1:55:05,08] Payment 
[13.12.2025  1:55:05,39] Balance 
[13.12.2025  1:55:05,84] Notification 
[13.12.2025  1:55:06,49] Zookeeper 
[13.12.2025  1:55:17,35] Prometheus 
[13.12.2025  1:55:18,15] Grafana 
[13.12.2025  1:55:18,61] Redis 
[13.12.2025  1:55:19,09] Kafka 
[13.12.2025  1:56:01,39] Payment 
[13.12.2025  1:56:01,67] Balance 
[13.12.2025  1:56:02,09] Notification 
[13.12.2025 17:18:11,94] === НАЧАЛО УСТАНОВКИ === 
[13.12.2025 17:18:11,98] Checking installing Docker 
[13.12.2025 17:18:12,03] Docker установлен. Переходим к следующему шагу. 
[13.12.2025 17:18:12,04] Развертывание в Kubernetes test-dbo-system. 
[13.12.2025 17:18:12,05] create namespace test-dbo-system 
[13.12.2025 17:18:12,76] Payment 
[13.12.2025 17:18:13,09] Balance 
[13.12.2025 17:18:13,39] Notification 
[13.12.2025 17:18:13,69] Zookeeper 
[13.12.2025 17:18:31,65] Prometheus 
[13.12.2025 17:18:32,49] Grafana 
[13.12.2025 17:18:32,88] Redis 
[13.12.2025 17:18:33,35] Kafka 
[13.12.2025 17:21:33,37] Payment 
[13.12.2025 17:21:33,71] Balance 
[13.12.2025 17:21:34,07] Notification 
[14.12.2025 11:55:40,55] === НАЧАЛО УСТАНОВКИ === 
[14.12.2025 11:55:40,61] Checking installing Docker 
[14.12.2025 11:55:40,72] Docker установлен. Переходим к следующему шагу. 
[14.12.2025 11:55:40,73] Развертывание в Kubernetes test-dbo-system. 
[14.12.2025 11:55:40,75] create namespace test-dbo-system 
[14.12.2025 11:55:41,55] Payment 
[14.12.2025 11:55:41,99] Balance 
[14.12.2025 11:55:42,48] Notification 
[14.12.2025 11:55:42,94] Zookeeper 
[14.12.2025 11:55:57,22] Prometheus 
[14.12.2025 11:55:58,47] Grafana 
[14.12.2025 11:55:59,05] Redis 
[14.12.2025 11:55:59,75] Kafka 
[14.12.2025 11:56:52,77] Payment 
[14.12.2025 11:56:53,23] Balance 
[14.12.2025 11:56:53,82] Notification 
[14.12.2025 14:03:59,29] === НАЧАЛО УСТАНОВКИ === 
[14.12.2025 14:03:59,30] Checking installing Docker 
[14.12.2025 14:03:59,37] Docker установлен. Переходим к следующему шагу. 
[14.12.2025 14:03:59,38] Развертывание в Kubernetes test-dbo-system. 
[14.12.2025 14:03:59,39] create namespace test-dbo-system 
[14.12.2025 14:03:59,98] Payment 
[14.12.2025 14:04:00,39] Balance 
[14.12.2025 14:04:00,78] Notification 
[14.12.2025 14:04:01,28] Zookeeper 
[14.12.2025 14:04:13,79] Prometheus 
[14.12.2025 14:04:14,92] Warning: 
[14.12.2025 14:04:15,47] Redis 
[14.12.2025 14:04:15,93] Kafka 
[14.12.2025 14:05:05,32] Payment 
[14.12.2025 14:05:05,60] Balance 
[14.12.2025 14:05:06,01] Notification 
[14.12.2025 14:11:33,97] === НАЧАЛО УСТАНОВКИ === 
[14.12.2025 14:11:33,97] Checking installing Docker 
[14.12.2025 14:11:34,02] Docker установлен. Переходим к следующему шагу. 
[14.12.2025 14:11:34,02] Развертывание в Kubernetes test-dbo-system. 
[14.12.2025 14:11:34,04] create namespace test-dbo-system 
[14.12.2025 14:11:34,48] Payment 
[14.12.2025 14:11:34,77] Balance 
[14.12.2025 14:11:35,22] Notification 
[14.12.2025 14:11:35,65] Zookeeper 
[14.12.2025 14:11:46,26] Prometheus 
[14.12.2025 14:11:47,13] Grafana 
[14.12.2025 14:11:47,65] Redis 
[14.12.2025 14:11:48,07] Kafka 
[14.12.2025 14:12:24,68] Payment 
[14.12.2025 14:12:24,96] Balance 
[14.12.2025 14:12:25,27] Notification 
[14.12.2025 14:30:53,57] === НАЧАЛО УСТАНОВКИ === 
[14.12.2025 14:30:53,58] Checking installing Docker 
[14.12.2025 14:30:53,64] Docker установлен. Переходим к следующему шагу. 
[14.12.2025 14:30:53,64] Развертывание в Kubernetes test-dbo-system. 
[14.12.2025 14:30:53,66] create namespace test-dbo-system 
[14.12.2025 14:30:54,18] Payment 
[14.12.2025 14:30:54,54] Balance 
[14.12.2025 14:30:54,92] Notification 
[14.12.2025 14:30:55,37] Zookeeper 
[14.12.2025 14:31:07,13] Prometheus 
[14.12.2025 14:31:07,83] Grafana 
[14.12.2025 14:31:08,27] Redis 
[14.12.2025 14:31:08,67] Kafka 
[14.12.2025 14:31:55,20] Payment 
[14.12.2025 14:31:55,46] Balance 
[14.12.2025 14:31:55,88] Notification 
[14.12.2025 14:58:05,21] === НАЧАЛО УСТАНОВКИ === 
[14.12.2025 14:58:05,25] Checking installing Docker 
[14.12.2025 14:58:05,32] Docker установлен. Переходим к следующему шагу. 
[14.12.2025 14:58:05,32] Развертывание в Kubernetes test-dbo-system. 
[14.12.2025 14:58:05,34] create namespace test-dbo-system 
[14.12.2025 14:58:05,84] Payment 
[14.12.2025 14:58:06,13] Balance 
[14.12.2025 14:58:06,43] Notification 
[14.12.2025 14:58:06,72] Zookeeper 
[14.12.2025 14:58:17,58] Prometheus 
[14.12.2025 14:58:18,41] Grafana 
[14.12.2025 14:58:18,85] Redis 
[14.12.2025 14:58:19,32] Kafka 
[14.12.2025 14:58:54,67] Payment 
[14.12.2025 14:58:54,94] Balance 
[14.12.2025 14:58:55,32] Notification 
[14.12.2025 16:49:34,09] === НАЧАЛО УСТАНОВКИ === 
[14.12.2025 16:49:34,10] Checking installing Docker 
[14.12.2025 16:49:34,21] Docker установлен. Переходим к следующему шагу. 
[14.12.2025 16:49:34,21] Развертывание в Kubernetes test-dbo-system. 
[14.12.2025 16:49:34,22] create namespace test-dbo-system 
[14.12.2025 16:49:34,71] Payment 
[14.12.2025 16:49:35,10] Balance 
[14.12.2025 16:49:35,50] Notification 
[14.12.2025 16:49:35,86] Zookeeper 
[14.12.2025 16:49:47,09] Prometheus 
[14.12.2025 16:49:47,69] Grafana 
[14.12.2025 16:49:48,11] Redis 
[14.12.2025 16:49:48,54] Kafka 
[14.12.2025 16:50:24,21] Payment 
[14.12.2025 16:50:24,48] Balance 
[14.12.2025 16:50:24,80] Notification 
[14.12.2025 19:38:54,73] === НАЧАЛО УСТАНОВКИ === 
[14.12.2025 19:38:54,75] Checking installing Docker 
[14.12.2025 19:38:54,90] Docker установлен. Переходим к следующему шагу. 
[14.12.2025 19:38:54,90] Развертывание в Kubernetes test-dbo-system. 
[14.12.2025 19:38:54,95] create namespace test-dbo-system 
[14.12.2025 19:38:55,66] Payment 
[14.12.2025 19:38:56,01] Balance 
[14.12.2025 19:38:56,49] Notification 
[14.12.2025 19:38:56,99] Zookeeper 
[14.12.2025 19:39:09,16] Prometheus 
[14.12.2025 19:39:10,05] Grafana 
[14.12.2025 19:39:10,43] Redis 
[14.12.2025 19:39:10,87] Kafka 
[14.12.2025 19:40:05,21] Payment 
[14.12.2025 19:40:05,48] Balance 
[14.12.2025 19:40:05,90] Notification 
